<!DOCTYPE html PUBLIC "-//W3C//DTD XHTML 1.1//EN" "https://www.w3.org/TR/xhtml11/DTD/xhtml11.dtd">
<html xmlns="https://www.w3.org/1999/xhtml">
<head>
<meta http-equiv="content-type" content="text/html; charset=UTF-8"/>
<title>TestNG Report</title>
<style type="text/css">table {margin-bottom:10px;border-collapse:collapse;empty-cells:show}th,td {border:1px solid #009;padding:.25em .5em}th {vertical-align:bottom}td {vertical-align:top}table a {font-weight:bold}.stripe td {background-color: #E6EBF9}.num {text-align:right}.passedodd td {background-color: #3F3}.passedeven td {background-color: #0A0}.skippedodd td {background-color: #DDD}.skippedeven td {background-color: #CCC}.failedodd td,.attn {background-color: #F33}.failedeven td,.stripe .attn {background-color: #D00}.stacktrace {white-space:pre;font-family:monospace}.totop {font-size:85%;text-align:center;border-bottom:2px solid #000}.invisible {display:none}</style>
</head>
<body>
<table>
<tr><th>Test</th><th># Passed</th><th># Skipped</th><th># Retried</th><th># Failed</th><th>Time (ms)</th><th>Included Groups</th><th>Excluded Groups</th></tr>
<tr><th colspan="8">Default suite</th></tr>
<tr><td><a href="#t0">Default test</a></td><td class="num">7</td><td class="num">0</td><td class="num">0</td><td class="num attn">1</td><td class="num">40,163</td><td></td><td></td></tr>
</table>
<table id='summary'><thead><tr><th>Class</th><th>Method</th><th>Start</th><th>Time (ms)</th></tr></thead><tbody><tr><th colspan="4">Default suite</th></tr></tbody><tbody id="t0"><tr><th colspan="4">Default test &#8212; failed (configuration methods)</th></tr><tr class="failedeven"><td rowspan="1">com.TestNgExtentReport.Example</td><td><a href="#m0">flush</a></td><td rowspan="1">1674836487235</td><td rowspan="1">434</td></tr><tr><th colspan="4">Default test &#8212; failed</th></tr><tr class="failedeven"><td rowspan="1">com.TestNgExtentReport.Example</td><td><a href="#m1">loginPageLink</a></td><td rowspan="1">1674836451775</td><td rowspan="1">93</td></tr><tr><th colspan="4">Default test &#8212; passed</th></tr><tr class="passedeven"><td rowspan="7">com.TestNgExtentReport.Example</td><td><a href="#m2">orangeHRMLogin</a></td><td rowspan="7">1674836481558</td><td rowspan="7">278</td></tr><tr class="passedeven"><td><a href="#m3">orangeHRMLogin</a></td></tr><tr class="passedeven"><td><a href="#m4">orangeHRMLogin</a></td></tr><tr class="passedeven"><td><a href="#m5">orangeHRMLogin</a></td></tr><tr class="passedeven"><td><a href="#m6">orangeHRMLogin</a></td></tr><tr class="passedeven"><td><a href="#m7">orangeHRMLogin</a></td></tr><tr class="passedeven"><td><a href="#m8">orangeHRMLogin</a></td></tr></tbody>
</table>
<h2>Default test</h2><h3 id="m0">com.TestNgExtentReport.Example#flush</h3><table class="result"><tr><th>Exception</th></tr><tr><td><div class="stacktrace">java.io.IOException: Failed to open file:/C:/Users/91766/eclipse-workspace/Extension%20Report/reporter.html. Error message: The system cannot find the file specified.

	at java.desktop/sun.awt.windows.WDesktopPeer.ShellExecute(WDesktopPeer.java:115)
	at java.desktop/sun.awt.windows.WDesktopPeer.browse(WDesktopPeer.java:101)
	at java.desktop/java.awt.Desktop.browse(Desktop.java:533)
	at com.TestNgExtentReport.BaseClass.flush(BaseClass.java:130)
	at java.base/jdk.internal.reflect.DirectMethodHandleAccessor.invoke(DirectMethodHandleAccessor.java:104)
	at java.base/java.lang.reflect.Method.invoke(Method.java:577)
	at org.testng.internal.invokers.MethodInvocationHelper.invokeMethod(MethodInvocationHelper.java:139)
	at org.testng.internal.invokers.MethodInvocationHelper.invokeMethodConsideringTimeout(MethodInvocationHelper.java:69)
	at org.testng.internal.invokers.ConfigInvoker.invokeConfigurationMethod(ConfigInvoker.java:361)
	at org.testng.internal.invokers.ConfigInvoker.invokeConfigurations(ConfigInvoker.java:296)
	at org.testng.SuiteRunner.privateRun(SuiteRunner.java:400)
	at org.testng.SuiteRunner.run(SuiteRunner.java:330)
	at org.testng.SuiteRunnerWorker.runSuite(SuiteRunnerWorker.java:52)
	at org.testng.SuiteRunnerWorker.run(SuiteRunnerWorker.java:95)
	at org.testng.TestNG.runSuitesSequentially(TestNG.java:1256)
	at org.testng.TestNG.runSuitesLocally(TestNG.java:1176)
	at org.testng.TestNG.runSuites(TestNG.java:1099)
	at org.testng.TestNG.run(TestNG.java:1067)
	at org.testng.remote.AbstractRemoteTestNG.run(AbstractRemoteTestNG.java:115)
	at org.testng.remote.RemoteTestNG.initAndRun(RemoteTestNG.java:251)
	at org.testng.remote.RemoteTestNG.main(RemoteTestNG.java:77)
</div></td></tr></table><p class="totop"><a href="#summary">back to summary</a></p>
<h3 id="m1">com.TestNgExtentReport.Example#loginPageLink</h3><table class="result"><tr><th>Messages</th></tr><tr><td><div class="messages">Link Name: OrangeHRM<br/>wrong Link name is displayed: OrangeHRM</div></td></tr><tr><th>Exception</th></tr><tr><td><div class="stacktrace">java.lang.AssertionError: Title missmatched expected [OrangeHRM1] but found [OrangeHRM]
	at org.testng.Assert.fail(Assert.java:110)
	at org.testng.Assert.failNotEquals(Assert.java:1413)
	at org.testng.Assert.assertEqualsImpl(Assert.java:149)
	at org.testng.Assert.assertEquals(Assert.java:131)
	at org.testng.Assert.assertEquals(Assert.java:655)
	at com.TestNgExtentReport.Example.loginPageLink(Example.java:127)
	at java.base/jdk.internal.reflect.DirectMethodHandleAccessor.invoke(DirectMethodHandleAccessor.java:104)
	at java.base/java.lang.reflect.Method.invoke(Method.java:577)
	at org.testng.internal.invokers.MethodInvocationHelper.invokeMethod(MethodInvocationHelper.java:139)
	at org.testng.internal.invokers.TestInvoker.invokeMethod(TestInvoker.java:677)
	at org.testng.internal.invokers.TestInvoker.invokeTestMethod(TestInvoker.java:221)
	at org.testng.internal.invokers.MethodRunner.runInSequence(MethodRunner.java:50)
	at org.testng.internal.invokers.TestInvoker$MethodInvocationAgent.invoke(TestInvoker.java:962)
	at org.testng.internal.invokers.TestInvoker.invokeTestMethods(TestInvoker.java:194)
	at org.testng.internal.invokers.TestMethodWorker.invokeTestMethods(TestMethodWorker.java:148)
	at org.testng.internal.invokers.TestMethodWorker.run(TestMethodWorker.java:128)
	at java.base/java.util.ArrayList.forEach(ArrayList.java:1511)
	at org.testng.TestRunner.privateRun(TestRunner.java:806)
	at org.testng.TestRunner.run(TestRunner.java:601)
	at org.testng.SuiteRunner.runTest(SuiteRunner.java:433)
	at org.testng.SuiteRunner.runSequentially(SuiteRunner.java:427)
	at org.testng.SuiteRunner.privateRun(SuiteRunner.java:387)
	at org.testng.SuiteRunner.run(SuiteRunner.java:330)
	at org.testng.SuiteRunnerWorker.runSuite(SuiteRunnerWorker.java:52)
	at org.testng.SuiteRunnerWorker.run(SuiteRunnerWorker.java:95)
	at org.testng.TestNG.runSuitesSequentially(TestNG.java:1256)
	at org.testng.TestNG.runSuitesLocally(TestNG.java:1176)
	at org.testng.TestNG.runSuites(TestNG.java:1099)
	at org.testng.TestNG.run(TestNG.java:1067)
	at org.testng.remote.AbstractRemoteTestNG.run(AbstractRemoteTestNG.java:115)
	at org.testng.remote.RemoteTestNG.initAndRun(RemoteTestNG.java:251)
	at org.testng.remote.RemoteTestNG.main(RemoteTestNG.java:77)
</div></td></tr></table><p class="totop"><a href="#summary">back to summary</a></p>
<h3 id="m2">com.TestNgExtentReport.Example#orangeHRMLogin</h3><table class="result"><tr class="param"><th>Parameter #1</th><th>Parameter #2</th><th>Parameter #3</th></tr><tr class="param stripe"><td>invalid</td><td>Lenovo</td><td></td></tr><tr><th colspan="3">Messages</th></tr><tr><td colspan="3"><div class="messages">***Neagtive testing***<br/>Entered username: Lenovo<br/>Entered password: <br/>It display correct Alert message</div></td></tr></table><p class="totop"><a href="#summary">back to summary</a></p>
<h3 id="m3">com.TestNgExtentReport.Example#orangeHRMLogin</h3><table class="result"><tr class="param"><th>Parameter #1</th><th>Parameter #2</th><th>Parameter #3</th></tr><tr class="param stripe"><td>invalid</td><td></td><td>Ideapad</td></tr><tr><th colspan="3">Messages</th></tr><tr><td colspan="3"><div class="messages">***Neagtive testing***<br/>Entered username: <br/>Entered password: Ideapad<br/>It display correct is error message</div></td></tr></table><p class="totop"><a href="#summary">back to summary</a></p>
<h3 id="m4">com.TestNgExtentReport.Example#orangeHRMLogin</h3><table class="result"><tr class="param"><th>Parameter #1</th><th>Parameter #2</th><th>Parameter #3</th></tr><tr class="param stripe"><td>invalid</td><td>Asus</td><td>1234</td></tr><tr><th colspan="3">Messages</th></tr><tr><td colspan="3"><div class="messages">***Neagtive testing***<br/>Entered username: Asus<br/>Entered password: 1234<br/>Error message is displayed: true<br/>Error message is displayed as: Invalid Login<br/>It displayed correct message: True</div></td></tr></table><p class="totop"><a href="#summary">back to summary</a></p>
<h3 id="m5">com.TestNgExtentReport.Example#orangeHRMLogin</h3><table class="result"><tr class="param"><th>Parameter #1</th><th>Parameter #2</th><th>Parameter #3</th></tr><tr class="param stripe"><td>invalid</td><td>Hello</td><td>Dream</td></tr><tr><th colspan="3">Messages</th></tr><tr><td colspan="3"><div class="messages">***Neagtive testing***<br/>Entered username: Hello<br/>Entered password: Dream<br/>Error message is displayed: true<br/>Error message is displayed as: Invalid Login<br/>It displayed correct message: True</div></td></tr></table><p class="totop"><a href="#summary">back to summary</a></p>
<h3 id="m6">com.TestNgExtentReport.Example#orangeHRMLogin</h3><table class="result"><tr class="param"><th>Parameter #1</th><th>Parameter #2</th><th>Parameter #3</th></tr><tr class="param stripe"><td>invalid</td><td>hELLO</td><td>dREAMS</td></tr><tr><th colspan="3">Messages</th></tr><tr><td colspan="3"><div class="messages">***Neagtive testing***<br/>Entered username: hELLO<br/>Entered password: dREAMS<br/>Error message is displayed: true<br/>Error message is displayed as: Invalid Login<br/>It displayed correct message: True</div></td></tr></table><p class="totop"><a href="#summary">back to summary</a></p>
<h3 id="m7">com.TestNgExtentReport.Example#orangeHRMLogin</h3><table class="result"><tr class="param"><th>Parameter #1</th><th>Parameter #2</th><th>Parameter #3</th></tr><tr class="param stripe"><td>valid</td><td>Hello</td><td>Dreams</td></tr><tr><th colspan="3">Messages</th></tr><tr><td colspan="3"><div class="messages">***positive testing***<br/>Entered username: Hello<br/>Entered password: Dreams<br/>Login is successful</div></td></tr></table><p class="totop"><a href="#summary">back to summary</a></p>
<h3 id="m8">com.TestNgExtentReport.Example#orangeHRMLogin</h3><table class="result"><tr class="param"><th>Parameter #1</th><th>Parameter #2</th><th>Parameter #3</th></tr><tr class="param stripe"><td>invalid</td><td>username</td><td>Dreams</td></tr><tr><th colspan="3">Messages</th></tr><tr><td colspan="3"><div class="messages">***Neagtive testing***<br/>Entered username: username<br/>Entered password: Dreams<br/>Error message is displayed: true<br/>Error message is displayed as: Invalid Login<br/>It displayed correct message: True</div></td></tr></table><p class="totop"><a href="#summary">back to summary</a></p>
</body>
</html>
